2026-06-15 18:54:53.199 6356:00000001 (BlueStacksHelper) INFO: IsAdministrator: False
2026-06-15 18:54:53.247+0530 6356  4648  BRIDGE Helper_bridge I: bridgeApiInitEx:#################### In bridgeApiInit Helper ###############
2026-06-15 18:54:53.248+0530 6356  4648  BRIDGE Helper_bridge I: Loading configuration ...
2026-06-15 18:54:53.251+0530 6356  4648  CONF   Helper_bridge E: open failed for D:\BlueStacks_nxt\bluestacks.conf
2026-06-15 18:54:53.251+0530 6356  4648  BRIDGE Helper_bridge E: Error in confLibInit init
2026-06-15 18:54:53.250 6356:00000001 (BlueStacksHelper) INFO: BridgeApi inited: -1
2026-06-15 18:54:53.376 6356:00000001 (BlueStacksHelper) INFO: Sending POST to https://cloud.bluestacks.com//api/scheduledping
2026-06-15 18:54:53.400 6356:00000001 (BlueStacksHelper) INFO: Getting machine id from backup: a6bc9017-dd5b-43cf-bcdc-d541f72b6736, IsNewMachineIdCreated value: 0
2026-06-15 18:54:53.400 6356:00000001 (BlueStacksHelper) WARNING: Failed to set registry value at Software\BlueStacksInstaller for MachineID:a6bc9017-dd5b-43cf-bcdc-d541f72b6736
2026-06-15 18:54:53.400 6356:00000001 (BlueStacksHelper) WARNING: Failed to set registry value at Software\BlueStacksInstaller for VersionMachineId_5.22.210.1033:24cbd240-e7c4-4bcd-9067-dfcbd774de34
2026-06-15 18:54:55.193 6356:00000001 (BlueStacksHelper) INFO: Cloud response: {"success":false}
2026-06-15 18:54:55.243 6356:00000001 (BlueStacksHelper) WARNING: Not a valid/false cloud response, exiting
2026-06-15 18:54:55.243 6356:00000001 (BlueStacksHelper) INFO: Exiting
2026-06-15 22:38:27.982 2328:00000001 (BlueStacksHelper) INFO: IsAdministrator: False
2026-06-15 22:38:28.023+0530 2328  12080 BRIDGE Helper_bridge I: bridgeApiInitEx:#################### In bridgeApiInit Helper ###############
2026-06-15 22:38:28.023+0530 2328  12080 BRIDGE Helper_bridge I: Loading configuration ...
2026-06-15 22:38:28.025+0530 2328  12080 CONF   Helper_bridge E: open failed for D:\BlueStacks_nxt\bluestacks.conf
2026-06-15 22:38:28.025+0530 2328  12080 BRIDGE Helper_bridge E: Error in confLibInit init
2026-06-15 22:38:28.023 2328:00000001 (BlueStacksHelper) INFO: BridgeApi inited: -1
2026-06-15 22:38:28.120 2328:00000001 (BlueStacksHelper) INFO: Sending POST to https://cloud.bluestacks.com//api/scheduledping
2026-06-15 22:38:28.137 2328:00000001 (BlueStacksHelper) INFO: Getting machine id from backup: a6bc9017-dd5b-43cf-bcdc-d541f72b6736, IsNewMachineIdCreated value: 0
2026-06-15 22:38:28.137 2328:00000001 (BlueStacksHelper) WARNING: Failed to set registry value at Software\BlueStacksInstaller for MachineID:a6bc9017-dd5b-43cf-bcdc-d541f72b6736
2026-06-15 22:38:28.137 2328:00000001 (BlueStacksHelper) WARNING: Failed to set registry value at Software\BlueStacksInstaller for VersionMachineId_5.22.210.1033:24cbd240-e7c4-4bcd-9067-dfcbd774de34
2026-06-15 22:38:29.642 2328:00000001 (BlueStacksHelper) INFO: Cloud response: {"success":false}
2026-06-15 22:38:29.733 2328:00000001 (BlueStacksHelper) WARNING: Not a valid/false cloud response, exiting
2026-06-15 22:38:29.733 2328:00000001 (BlueStacksHelper) INFO: Exiting
2026-06-16 10:44:43.011 11864:00000001 (BlueStacksHelper) INFO: IsAdministrator: False
2026-06-16 10:44:43.189+0530 11864 3024  BRIDGE Helper_bridge I: bridgeApiInitEx:#################### In bridgeApiInit Helper ###############
2026-06-16 10:44:43.190+0530 11864 3024  BRIDGE Helper_bridge I: Loading configuration ...
2026-06-16 10:44:43.221+0530 11864 3024  CONF   Helper_bridge E: open failed for D:\BlueStacks_nxt\bluestacks.conf
2026-06-16 10:44:43.221+0530 11864 3024  BRIDGE Helper_bridge E: Error in confLibInit init
2026-06-16 10:44:43.221 11864:00000001 (BlueStacksHelper) INFO: BridgeApi inited: -1
2026-06-16 10:44:43.435 11864:00000001 (BlueStacksHelper) INFO: Sending POST to https://cloud.bluestacks.com//api/scheduledping
2026-06-16 10:44:43.459 11864:00000001 (BlueStacksHelper) INFO: Getting machine id from backup: a6bc9017-dd5b-43cf-bcdc-d541f72b6736, IsNewMachineIdCreated value: 0
2026-06-16 10:44:43.462 11864:00000001 (BlueStacksHelper) WARNING: Failed to set registry value at Software\BlueStacksInstaller for MachineID:a6bc9017-dd5b-43cf-bcdc-d541f72b6736
2026-06-16 10:44:43.464 11864:00000001 (BlueStacksHelper) WARNING: Failed to set registry value at Software\BlueStacksInstaller for VersionMachineId_5.22.210.1033:24cbd240-e7c4-4bcd-9067-dfcbd774de34
2026-06-16 10:44:44.755 11864:00000001 (BlueStacksHelper) INFO: Cloud response: {"success":false}
2026-06-16 10:44:44.837 11864:00000001 (BlueStacksHelper) WARNING: Not a valid/false cloud response, exiting
2026-06-16 10:44:44.837 11864:00000001 (BlueStacksHelper) INFO: Exiting
2026-06-16 18:13:59.858 17196:00000001 (BlueStacksHelper) INFO: IsAdministrator: False
2026-06-16 18:13:59.892+0530 17196 6904  BRIDGE Helper_bridge I: bridgeApiInitEx:#################### In bridgeApiInit Helper ###############
2026-06-16 18:13:59.892+0530 17196 6904  BRIDGE Helper_bridge I: Loading configuration ...
2026-06-16 18:13:59.894+0530 17196 6904  CONF   Helper_bridge E: open failed for D:\BlueStacks_nxt\bluestacks.conf
2026-06-16 18:13:59.894+0530 17196 6904  BRIDGE Helper_bridge E: Error in confLibInit init
2026-06-16 18:13:59.894 17196:00000001 (BlueStacksHelper) INFO: BridgeApi inited: -1
2026-06-16 18:13:59.997 17196:00000001 (BlueStacksHelper) INFO: Sending POST to https://cloud.bluestacks.com//api/scheduledping
2026-06-16 18:14:00.026 17196:00000001 (BlueStacksHelper) INFO: Getting machine id from backup: a6bc9017-dd5b-43cf-bcdc-d541f72b6736, IsNewMachineIdCreated value: 0
2026-06-16 18:14:00.029 17196:00000001 (BlueStacksHelper) WARNING: Failed to set registry value at Software\BlueStacksInstaller for MachineID:a6bc9017-dd5b-43cf-bcdc-d541f72b6736
2026-06-16 18:14:00.029 17196:00000001 (BlueStacksHelper) WARNING: Failed to set registry value at Software\BlueStacksInstaller for VersionMachineId_5.22.210.1033:24cbd240-e7c4-4bcd-9067-dfcbd774de34
2026-06-16 18:14:00.176 17196:00000001 (BlueStacksHelper) ERROR: The remote name could not be resolved: 'cloud.bluestacks.com'
2026-06-16 18:14:00.176 17196:00000001 (BlueStacksHelper) ERROR: Couldn't query cloud, ex: The remote name could not be resolved: 'delegate.bluestacks.com'
2026-06-16 18:14:00.176 17196:00000001 (BlueStacksHelper) INFO: Cloud response: 
2026-06-16 18:14:00.176 17196:00000001 (BlueStacksHelper) WARNING: Not a valid/false cloud response, exiting
2026-06-16 18:14:00.176 17196:00000001 (BlueStacksHelper) INFO: Exiting
2026-06-17 17:53:54.429 2440:00000001 (BlueStacksHelper) INFO: IsAdministrator: False
2026-06-17 17:53:54.475+0530 2440  3144  BRIDGE Helper_bridge I: bridgeApiInitEx:#################### In bridgeApiInit Helper ###############
2026-06-17 17:53:54.476+0530 2440  3144  BRIDGE Helper_bridge I: Loading configuration ...
2026-06-17 17:53:54.478+0530 2440  3144  CONF   Helper_bridge E: open failed for D:\BlueStacks_nxt\bluestacks.conf
2026-06-17 17:53:54.478+0530 2440  3144  BRIDGE Helper_bridge E: Error in confLibInit init
2026-06-17 17:53:54.475 2440:00000001 (BlueStacksHelper) INFO: BridgeApi inited: -1
2026-06-17 17:53:54.686 2440:00000001 (BlueStacksHelper) INFO: Sending POST to https://cloud.bluestacks.com//api/scheduledping
2026-06-17 17:53:54.701 2440:00000001 (BlueStacksHelper) INFO: Getting machine id from backup: a6bc9017-dd5b-43cf-bcdc-d541f72b6736, IsNewMachineIdCreated value: 0
2026-06-17 17:53:54.701 2440:00000001 (BlueStacksHelper) WARNING: Failed to set registry value at Software\BlueStacksInstaller for MachineID:a6bc9017-dd5b-43cf-bcdc-d541f72b6736
2026-06-17 17:53:54.701 2440:00000001 (BlueStacksHelper) WARNING: Failed to set registry value at Software\BlueStacksInstaller for VersionMachineId_5.22.210.1033:24cbd240-e7c4-4bcd-9067-dfcbd774de34
2026-06-17 17:53:55.797 2440:00000001 (BlueStacksHelper) INFO: Cloud response: {"success":false}
2026-06-17 17:53:55.874 2440:00000001 (BlueStacksHelper) WARNING: Not a valid/false cloud response, exiting
2026-06-17 17:53:55.874 2440:00000001 (BlueStacksHelper) INFO: Exiting
2026-06-18 14:45:24.910 3744:00000001 (BlueStacksHelper) INFO: IsAdministrator: False
2026-06-18 14:45:24.958+0530 3744  17692 BRIDGE Helper_bridge I: bridgeApiInitEx:#################### In bridgeApiInit Helper ###############
2026-06-18 14:45:24.958+0530 3744  17692 BRIDGE Helper_bridge I: Loading configuration ...
2026-06-18 14:45:24.960+0530 3744  17692 CONF   Helper_bridge E: open failed for D:\BlueStacks_nxt\bluestacks.conf
2026-06-18 14:45:24.960+0530 3744  17692 BRIDGE Helper_bridge E: Error in confLibInit init
2026-06-18 14:45:24.958 3744:00000001 (BlueStacksHelper) INFO: BridgeApi inited: -1
2026-06-18 14:45:25.033 3744:00000001 (BlueStacksHelper) INFO: Sending POST to https://cloud.bluestacks.com//api/scheduledping
2026-06-18 14:45:25.049 3744:00000001 (BlueStacksHelper) INFO: Getting machine id from backup: a6bc9017-dd5b-43cf-bcdc-d541f72b6736, IsNewMachineIdCreated value: 0
2026-06-18 14:45:25.049 3744:00000001 (BlueStacksHelper) WARNING: Failed to set registry value at Software\BlueStacksInstaller for MachineID:a6bc9017-dd5b-43cf-bcdc-d541f72b6736
2026-06-18 14:45:25.049 3744:00000001 (BlueStacksHelper) WARNING: Failed to set registry value at Software\BlueStacksInstaller for VersionMachineId_5.22.210.1033:24cbd240-e7c4-4bcd-9067-dfcbd774de34
2026-06-18 14:45:26.154 3744:00000001 (BlueStacksHelper) INFO: Cloud response: {"success":false}
2026-06-18 14:45:26.236 3744:00000001 (BlueStacksHelper) WARNING: Not a valid/false cloud response, exiting
2026-06-18 14:45:26.236 3744:00000001 (BlueStacksHelper) INFO: Exiting
2026-06-18 17:14:18.173 8412:00000001 (BlueStacksHelper) INFO: IsAdministrator: False
2026-06-18 17:14:18.208+0530 8412  3384  BRIDGE Helper_bridge I: bridgeApiInitEx:#################### In bridgeApiInit Helper ###############
2026-06-18 17:14:18.208+0530 8412  3384  BRIDGE Helper_bridge I: Loading configuration ...
2026-06-18 17:14:18.210+0530 8412  3384  CONF   Helper_bridge E: open failed for D:\BlueStacks_nxt\bluestacks.conf
2026-06-18 17:14:18.210+0530 8412  3384  BRIDGE Helper_bridge E: Error in confLibInit init
2026-06-18 17:14:18.208 8412:00000001 (BlueStacksHelper) INFO: BridgeApi inited: -1
2026-06-18 17:14:18.345 8412:00000001 (BlueStacksHelper) INFO: Sending POST to https://cloud.bluestacks.com//api/scheduledping
2026-06-18 17:14:18.365 8412:00000001 (BlueStacksHelper) INFO: Getting machine id from backup: a6bc9017-dd5b-43cf-bcdc-d541f72b6736, IsNewMachineIdCreated value: 0
2026-06-18 17:14:18.365 8412:00000001 (BlueStacksHelper) WARNING: Failed to set registry value at Software\BlueStacksInstaller for MachineID:a6bc9017-dd5b-43cf-bcdc-d541f72b6736
2026-06-18 17:14:18.365 8412:00000001 (BlueStacksHelper) WARNING: Failed to set registry value at Software\BlueStacksInstaller for VersionMachineId_5.22.210.1033:24cbd240-e7c4-4bcd-9067-dfcbd774de34
2026-06-18 17:14:19.696 8412:00000001 (BlueStacksHelper) INFO: Cloud response: {"success":false}
2026-06-18 17:14:19.775 8412:00000001 (BlueStacksHelper) WARNING: Not a valid/false cloud response, exiting
2026-06-18 17:14:19.775 8412:00000001 (BlueStacksHelper) INFO: Exiting
2026-06-19 10:02:02.386 16784:00000001 (BlueStacksHelper) INFO: IsAdministrator: False
2026-06-19 10:02:02.556+0530 16784 8092  BRIDGE Helper_bridge I: bridgeApiInitEx:#################### In bridgeApiInit Helper ###############
2026-06-19 10:02:02.556+0530 16784 8092  BRIDGE Helper_bridge I: Loading configuration ...
2026-06-19 10:02:02.558+0530 16784 8092  CONF   Helper_bridge E: open failed for D:\BlueStacks_nxt\bluestacks.conf
2026-06-19 10:02:02.558+0530 16784 8092  BRIDGE Helper_bridge E: Error in confLibInit init
2026-06-19 10:02:02.557 16784:00000001 (BlueStacksHelper) INFO: BridgeApi inited: -1
2026-06-19 10:02:02.607 16784:00000001 (BlueStacksHelper) INFO: Sending POST to https://cloud.bluestacks.com//api/scheduledping
2026-06-19 10:02:02.618 16784:00000001 (BlueStacksHelper) INFO: Getting machine id from backup: a6bc9017-dd5b-43cf-bcdc-d541f72b6736, IsNewMachineIdCreated value: 0
2026-06-19 10:02:02.620 16784:00000001 (BlueStacksHelper) WARNING: Failed to set registry value at Software\BlueStacksInstaller for MachineID:a6bc9017-dd5b-43cf-bcdc-d541f72b6736
2026-06-19 10:02:02.620 16784:00000001 (BlueStacksHelper) WARNING: Failed to set registry value at Software\BlueStacksInstaller for VersionMachineId_5.22.210.1033:24cbd240-e7c4-4bcd-9067-dfcbd774de34
2026-06-19 10:02:03.597 16784:00000001 (BlueStacksHelper) INFO: Cloud response: {"success":false}
2026-06-19 10:02:03.631 16784:00000001 (BlueStacksHelper) WARNING: Not a valid/false cloud response, exiting
2026-06-19 10:02:03.631 16784:00000001 (BlueStacksHelper) INFO: Exiting
2026-06-19 10:38:27.686 16288:00000001 (BlueStacksHelper) INFO: IsAdministrator: False
2026-06-19 10:38:27.696+0530 16288 17172 BRIDGE Helper_bridge I: bridgeApiInitEx:#################### In bridgeApiInit Helper ###############
2026-06-19 10:38:27.696+0530 16288 17172 BRIDGE Helper_bridge I: Loading configuration ...
2026-06-19 10:38:27.697+0530 16288 17172 CONF   Helper_bridge E: open failed for D:\BlueStacks_nxt\bluestacks.conf
2026-06-19 10:38:27.697+0530 16288 17172 BRIDGE Helper_bridge E: Error in confLibInit init
2026-06-19 10:38:27.696 16288:00000001 (BlueStacksHelper) INFO: BridgeApi inited: -1
2026-06-19 10:38:27.712 16288:00000001 (BlueStacksHelper) INFO: Sending POST to https://cloud.bluestacks.com//api/scheduledping
2026-06-19 10:38:27.720 16288:00000001 (BlueStacksHelper) INFO: Getting machine id from backup: a6bc9017-dd5b-43cf-bcdc-d541f72b6736, IsNewMachineIdCreated value: 0
2026-06-19 10:38:27.721 16288:00000001 (BlueStacksHelper) WARNING: Failed to set registry value at Software\BlueStacksInstaller for MachineID:a6bc9017-dd5b-43cf-bcdc-d541f72b6736
2026-06-19 10:38:27.721 16288:00000001 (BlueStacksHelper) WARNING: Failed to set registry value at Software\BlueStacksInstaller for VersionMachineId_5.22.210.1033:24cbd240-e7c4-4bcd-9067-dfcbd774de34
2026-06-19 10:38:28.606 16288:00000001 (BlueStacksHelper) INFO: Cloud response: {"success":false}
2026-06-19 10:38:28.663 16288:00000001 (BlueStacksHelper) WARNING: Not a valid/false cloud response, exiting
2026-06-19 10:38:28.663 16288:00000001 (BlueStacksHelper) INFO: Exiting
2026-06-19 16:38:28.123 18456:00000001 (BlueStacksHelper) INFO: IsAdministrator: False
2026-06-19 16:38:28.176+0530 18456 10384 BRIDGE Helper_bridge I: bridgeApiInitEx:#################### In bridgeApiInit Helper ###############
2026-06-19 16:38:28.176+0530 18456 10384 BRIDGE Helper_bridge I: Loading configuration ...
2026-06-19 16:38:28.181+0530 18456 10384 CONF   Helper_bridge E: open failed for D:\BlueStacks_nxt\bluestacks.conf
2026-06-19 16:38:28.181+0530 18456 10384 BRIDGE Helper_bridge E: Error in confLibInit init
2026-06-19 16:38:28.171 18456:00000001 (BlueStacksHelper) INFO: BridgeApi inited: -1
2026-06-19 16:38:28.282 18456:00000001 (BlueStacksHelper) INFO: Sending POST to https://cloud.bluestacks.com//api/scheduledping
2026-06-19 16:38:28.298 18456:00000001 (BlueStacksHelper) INFO: Getting machine id from backup: a6bc9017-dd5b-43cf-bcdc-d541f72b6736, IsNewMachineIdCreated value: 0
2026-06-19 16:38:28.298 18456:00000001 (BlueStacksHelper) WARNING: Failed to set registry value at Software\BlueStacksInstaller for MachineID:a6bc9017-dd5b-43cf-bcdc-d541f72b6736
2026-06-19 16:38:28.298 18456:00000001 (BlueStacksHelper) WARNING: Failed to set registry value at Software\BlueStacksInstaller for VersionMachineId_5.22.210.1033:24cbd240-e7c4-4bcd-9067-dfcbd774de34
2026-06-19 16:38:29.625 18456:00000001 (BlueStacksHelper) INFO: Cloud response: {"success":false}
2026-06-19 16:38:29.708 18456:00000001 (BlueStacksHelper) WARNING: Not a valid/false cloud response, exiting
2026-06-19 16:38:29.708 18456:00000001 (BlueStacksHelper) INFO: Exiting
2026-06-19 22:38:28.121 20584:00000001 (BlueStacksHelper) INFO: IsAdministrator: False
2026-06-19 22:38:28.151+0530 20584 21632 BRIDGE Helper_bridge I: bridgeApiInitEx:#################### In bridgeApiInit Helper ###############
2026-06-19 22:38:28.151+0530 20584 21632 BRIDGE Helper_bridge I: Loading configuration ...
2026-06-19 22:38:28.154+0530 20584 21632 CONF   Helper_bridge E: open failed for D:\BlueStacks_nxt\bluestacks.conf
2026-06-19 22:38:28.154+0530 20584 21632 BRIDGE Helper_bridge E: Error in confLibInit init
2026-06-19 22:38:28.153 20584:00000001 (BlueStacksHelper) INFO: BridgeApi inited: -1
2026-06-19 22:38:28.200 20584:00000001 (BlueStacksHelper) INFO: Sending POST to https://cloud.bluestacks.com//api/scheduledping
2026-06-19 22:38:28.216 20584:00000001 (BlueStacksHelper) INFO: Getting machine id from backup: a6bc9017-dd5b-43cf-bcdc-d541f72b6736, IsNewMachineIdCreated value: 0
2026-06-19 22:38:28.216 20584:00000001 (BlueStacksHelper) WARNING: Failed to set registry value at Software\BlueStacksInstaller for MachineID:a6bc9017-dd5b-43cf-bcdc-d541f72b6736
2026-06-19 22:38:28.216 20584:00000001 (BlueStacksHelper) WARNING: Failed to set registry value at Software\BlueStacksInstaller for VersionMachineId_5.22.210.1033:24cbd240-e7c4-4bcd-9067-dfcbd774de34
2026-06-19 22:38:29.603 20584:00000001 (BlueStacksHelper) INFO: Cloud response: {"success":false}
2026-06-19 22:38:29.662 20584:00000001 (BlueStacksHelper) WARNING: Not a valid/false cloud response, exiting
2026-06-19 22:38:29.662 20584:00000001 (BlueStacksHelper) INFO: Exiting
2026-06-20 13:51:34.769 14028:00000001 (BlueStacksHelper) INFO: IsAdministrator: False
2026-06-20 13:51:34.855+0530 14028 3168  BRIDGE Helper_bridge I: bridgeApiInitEx:#################### In bridgeApiInit Helper ###############
2026-06-20 13:51:34.855+0530 14028 3168  BRIDGE Helper_bridge I: Loading configuration ...
2026-06-20 13:51:34.858+0530 14028 3168  CONF   Helper_bridge E: open failed for D:\BlueStacks_nxt\bluestacks.conf
2026-06-20 13:51:34.858+0530 14028 3168  BRIDGE Helper_bridge E: Error in confLibInit init
2026-06-20 13:51:34.850 14028:00000001 (BlueStacksHelper) INFO: BridgeApi inited: -1
2026-06-20 13:51:34.950 14028:00000001 (BlueStacksHelper) INFO: Sending POST to https://cloud.bluestacks.com//api/scheduledping
2026-06-20 13:51:35.003 14028:00000001 (BlueStacksHelper) INFO: Getting machine id from backup: a6bc9017-dd5b-43cf-bcdc-d541f72b6736, IsNewMachineIdCreated value: 0
2026-06-20 13:51:35.005 14028:00000001 (BlueStacksHelper) WARNING: Failed to set registry value at Software\BlueStacksInstaller for MachineID:a6bc9017-dd5b-43cf-bcdc-d541f72b6736
2026-06-20 13:51:35.005 14028:00000001 (BlueStacksHelper) WARNING: Failed to set registry value at Software\BlueStacksInstaller for VersionMachineId_5.22.210.1033:24cbd240-e7c4-4bcd-9067-dfcbd774de34
2026-06-20 13:51:36.211 14028:00000001 (BlueStacksHelper) INFO: Cloud response: {"success":false}
2026-06-20 13:51:36.281 14028:00000001 (BlueStacksHelper) WARNING: Not a valid/false cloud response, exiting
2026-06-20 13:51:36.281 14028:00000001 (BlueStacksHelper) INFO: Exiting
2026-06-20 17:35:26.758 16304:00000001 (BlueStacksHelper) INFO: IsAdministrator: False
2026-06-20 17:35:26.856+0530 16304 12784 BRIDGE Helper_bridge I: bridgeApiInitEx:#################### In bridgeApiInit Helper ###############
2026-06-20 17:35:26.856+0530 16304 12784 BRIDGE Helper_bridge I: Loading configuration ...
2026-06-20 17:35:26.858+0530 16304 12784 CONF   Helper_bridge E: open failed for D:\BlueStacks_nxt\bluestacks.conf
2026-06-20 17:35:26.858+0530 16304 12784 BRIDGE Helper_bridge E: Error in confLibInit init
2026-06-20 17:35:26.857 16304:00000001 (BlueStacksHelper) INFO: BridgeApi inited: -1
2026-06-20 17:35:26.959 16304:00000001 (BlueStacksHelper) INFO: Sending POST to https://cloud.bluestacks.com//api/scheduledping
2026-06-20 17:35:26.969 16304:00000001 (BlueStacksHelper) INFO: Getting machine id from backup: a6bc9017-dd5b-43cf-bcdc-d541f72b6736, IsNewMachineIdCreated value: 0
2026-06-20 17:35:26.975 16304:00000001 (BlueStacksHelper) WARNING: Failed to set registry value at Software\BlueStacksInstaller for MachineID:a6bc9017-dd5b-43cf-bcdc-d541f72b6736
2026-06-20 17:35:26.975 16304:00000001 (BlueStacksHelper) WARNING: Failed to set registry value at Software\BlueStacksInstaller for VersionMachineId_5.22.210.1033:24cbd240-e7c4-4bcd-9067-dfcbd774de34
2026-06-20 17:35:28.237 16304:00000001 (BlueStacksHelper) INFO: Cloud response: {"success":false}
2026-06-20 17:35:28.352 16304:00000001 (BlueStacksHelper) WARNING: Not a valid/false cloud response, exiting
2026-06-20 17:35:28.352 16304:00000001 (BlueStacksHelper) INFO: Exiting
2026-06-22 13:25:37.935 17124:00000001 (BlueStacksHelper) INFO: IsAdministrator: False
2026-06-22 13:25:38.004+0530 17124 3612  BRIDGE Helper_bridge I: bridgeApiInitEx:#################### In bridgeApiInit Helper ###############
2026-06-22 13:25:38.004+0530 17124 3612  BRIDGE Helper_bridge I: Loading configuration ...
2026-06-22 13:25:38.006+0530 17124 3612  CONF   Helper_bridge E: open failed for D:\BlueStacks_nxt\bluestacks.conf
2026-06-22 13:25:38.006+0530 17124 3612  BRIDGE Helper_bridge E: Error in confLibInit init
2026-06-22 13:25:38.005 17124:00000001 (BlueStacksHelper) INFO: BridgeApi inited: -1
2026-06-22 13:25:38.123 17124:00000001 (BlueStacksHelper) INFO: Sending POST to https://cloud.bluestacks.com//api/scheduledping
2026-06-22 13:25:38.137 17124:00000001 (BlueStacksHelper) INFO: Getting machine id from backup: a6bc9017-dd5b-43cf-bcdc-d541f72b6736, IsNewMachineIdCreated value: 0
2026-06-22 13:25:38.138 17124:00000001 (BlueStacksHelper) WARNING: Failed to set registry value at Software\BlueStacksInstaller for MachineID:a6bc9017-dd5b-43cf-bcdc-d541f72b6736
2026-06-22 13:25:38.138 17124:00000001 (BlueStacksHelper) WARNING: Failed to set registry value at Software\BlueStacksInstaller for VersionMachineId_5.22.210.1033:24cbd240-e7c4-4bcd-9067-dfcbd774de34
2026-06-22 13:25:39.045 17124:00000001 (BlueStacksHelper) INFO: Cloud response: {"success":false}
2026-06-22 13:25:39.101 17124:00000001 (BlueStacksHelper) WARNING: Not a valid/false cloud response, exiting
2026-06-22 13:25:39.101 17124:00000001 (BlueStacksHelper) INFO: Exiting
2026-06-23 10:52:54.502 8652:00000001 (BlueStacksHelper) INFO: IsAdministrator: False
2026-06-23 10:52:54.542+0530 8652  16472 BRIDGE Helper_bridge I: bridgeApiInitEx:#################### In bridgeApiInit Helper ###############
2026-06-23 10:52:54.542+0530 8652  16472 BRIDGE Helper_bridge I: Loading configuration ...
2026-06-23 10:52:54.544+0530 8652  16472 CONF   Helper_bridge E: open failed for D:\BlueStacks_nxt\bluestacks.conf
2026-06-23 10:52:54.544+0530 8652  16472 BRIDGE Helper_bridge E: Error in confLibInit init
2026-06-23 10:52:54.543 8652:00000001 (BlueStacksHelper) INFO: BridgeApi inited: -1
2026-06-23 10:52:54.650 8652:00000001 (BlueStacksHelper) INFO: Sending POST to https://cloud.bluestacks.com//api/scheduledping
2026-06-23 10:52:54.672 8652:00000001 (BlueStacksHelper) INFO: Getting machine id from backup: a6bc9017-dd5b-43cf-bcdc-d541f72b6736, IsNewMachineIdCreated value: 0
2026-06-23 10:52:54.674 8652:00000001 (BlueStacksHelper) WARNING: Failed to set registry value at Software\BlueStacksInstaller for MachineID:a6bc9017-dd5b-43cf-bcdc-d541f72b6736
2026-06-23 10:52:54.674 8652:00000001 (BlueStacksHelper) WARNING: Failed to set registry value at Software\BlueStacksInstaller for VersionMachineId_5.22.210.1033:24cbd240-e7c4-4bcd-9067-dfcbd774de34
2026-06-23 10:52:55.807 8652:00000001 (BlueStacksHelper) INFO: Cloud response: {"success":false}
2026-06-23 10:52:55.858 8652:00000001 (BlueStacksHelper) WARNING: Not a valid/false cloud response, exiting
2026-06-23 10:52:55.858 8652:00000001 (BlueStacksHelper) INFO: Exiting
2026-06-23 17:28:50.091 18744:00000001 (BlueStacksHelper) INFO: IsAdministrator: False
2026-06-23 17:28:50.141+0530 18744 19128 BRIDGE Helper_bridge I: bridgeApiInitEx:#################### In bridgeApiInit Helper ###############
2026-06-23 17:28:50.151+0530 18744 19128 BRIDGE Helper_bridge I: Loading configuration ...
2026-06-23 17:28:50.175+0530 18744 19128 CONF   Helper_bridge E: open failed for D:\BlueStacks_nxt\bluestacks.conf
2026-06-23 17:28:50.175+0530 18744 19128 BRIDGE Helper_bridge E: Error in confLibInit init
2026-06-23 17:28:50.173 18744:00000001 (BlueStacksHelper) INFO: BridgeApi inited: -1
2026-06-23 17:28:50.209 18744:00000001 (BlueStacksHelper) INFO: Sending POST to https://cloud.bluestacks.com//api/scheduledping
2026-06-23 17:28:50.232 18744:00000001 (BlueStacksHelper) INFO: Getting machine id from backup: a6bc9017-dd5b-43cf-bcdc-d541f72b6736, IsNewMachineIdCreated value: 0
2026-06-23 17:28:50.234 18744:00000001 (BlueStacksHelper) WARNING: Failed to set registry value at Software\BlueStacksInstaller for MachineID:a6bc9017-dd5b-43cf-bcdc-d541f72b6736
2026-06-23 17:28:50.234 18744:00000001 (BlueStacksHelper) WARNING: Failed to set registry value at Software\BlueStacksInstaller for VersionMachineId_5.22.210.1033:24cbd240-e7c4-4bcd-9067-dfcbd774de34
2026-06-23 17:28:51.384 18744:00000001 (BlueStacksHelper) INFO: Cloud response: {"success":false}
2026-06-23 17:28:51.465 18744:00000001 (BlueStacksHelper) WARNING: Not a valid/false cloud response, exiting
2026-06-23 17:28:51.465 18744:00000001 (BlueStacksHelper) INFO: Exiting
2026-06-23 22:50:36.618 7348:00000001 (BlueStacksHelper) INFO: IsAdministrator: False
2026-06-23 22:50:37.022+0530 7348  17148 BRIDGE Helper_bridge I: bridgeApiInitEx:#################### In bridgeApiInit Helper ###############
2026-06-23 22:50:37.022+0530 7348  17148 BRIDGE Helper_bridge I: Loading configuration ...
2026-06-23 22:50:37.025+0530 7348  17148 CONF   Helper_bridge E: open failed for D:\BlueStacks_nxt\bluestacks.conf
2026-06-23 22:50:37.026+0530 7348  17148 BRIDGE Helper_bridge E: Error in confLibInit init
2026-06-23 22:50:37.025 7348:00000001 (BlueStacksHelper) INFO: BridgeApi inited: -1
2026-06-23 22:50:37.125 7348:00000001 (BlueStacksHelper) INFO: Sending POST to https://cloud.bluestacks.com//api/scheduledping
2026-06-23 22:50:37.157 7348:00000001 (BlueStacksHelper) INFO: Getting machine id from backup: a6bc9017-dd5b-43cf-bcdc-d541f72b6736, IsNewMachineIdCreated value: 0
2026-06-23 22:50:37.157 7348:00000001 (BlueStacksHelper) WARNING: Failed to set registry value at Software\BlueStacksInstaller for MachineID:a6bc9017-dd5b-43cf-bcdc-d541f72b6736
2026-06-23 22:50:37.159 7348:00000001 (BlueStacksHelper) WARNING: Failed to set registry value at Software\BlueStacksInstaller for VersionMachineId_5.22.210.1033:24cbd240-e7c4-4bcd-9067-dfcbd774de34
2026-06-23 22:50:38.286 7348:00000001 (BlueStacksHelper) INFO: Cloud response: {"success":false}
2026-06-23 22:50:38.354 7348:00000001 (BlueStacksHelper) WARNING: Not a valid/false cloud response, exiting
2026-06-23 22:50:38.354 7348:00000001 (BlueStacksHelper) INFO: Exiting
2026-06-24 11:20:11.389 2056:00000001 (BlueStacksHelper) INFO: IsAdministrator: False
2026-06-24 11:20:11.446+0530 2056  14840 BRIDGE Helper_bridge I: bridgeApiInitEx:#################### In bridgeApiInit Helper ###############
2026-06-24 11:20:11.446+0530 2056  14840 BRIDGE Helper_bridge I: Loading configuration ...
2026-06-24 11:20:11.449+0530 2056  14840 CONF   Helper_bridge E: open failed for D:\BlueStacks_nxt\bluestacks.conf
2026-06-24 11:20:11.449+0530 2056  14840 BRIDGE Helper_bridge E: Error in confLibInit init
2026-06-24 11:20:11.447 2056:00000001 (BlueStacksHelper) INFO: BridgeApi inited: -1
2026-06-24 11:20:11.566 2056:00000001 (BlueStacksHelper) INFO: Sending POST to https://cloud.bluestacks.com//api/scheduledping
2026-06-24 11:20:11.580 2056:00000001 (BlueStacksHelper) INFO: Getting machine id from backup: a6bc9017-dd5b-43cf-bcdc-d541f72b6736, IsNewMachineIdCreated value: 0
2026-06-24 11:20:11.581 2056:00000001 (BlueStacksHelper) WARNING: Failed to set registry value at Software\BlueStacksInstaller for MachineID:a6bc9017-dd5b-43cf-bcdc-d541f72b6736
2026-06-24 11:20:11.582 2056:00000001 (BlueStacksHelper) WARNING: Failed to set registry value at Software\BlueStacksInstaller for VersionMachineId_5.22.210.1033:24cbd240-e7c4-4bcd-9067-dfcbd774de34
2026-06-24 11:20:13.195 2056:00000001 (BlueStacksHelper) INFO: Cloud response: {"success":false}
2026-06-24 11:20:13.260 2056:00000001 (BlueStacksHelper) WARNING: Not a valid/false cloud response, exiting
2026-06-24 11:20:13.260 2056:00000001 (BlueStacksHelper) INFO: Exiting
2026-06-24 18:01:19.662 16008:00000001 (BlueStacksHelper) INFO: IsAdministrator: False
2026-06-24 18:01:19.717+0530 16008 8444  BRIDGE Helper_bridge I: bridgeApiInitEx:#################### In bridgeApiInit Helper ###############
2026-06-24 18:01:19.717+0530 16008 8444  BRIDGE Helper_bridge I: Loading configuration ...
2026-06-24 18:01:19.719+0530 16008 8444  CONF   Helper_bridge E: open failed for D:\BlueStacks_nxt\bluestacks.conf
2026-06-24 18:01:19.719+0530 16008 8444  BRIDGE Helper_bridge E: Error in confLibInit init
2026-06-24 18:01:19.716 16008:00000001 (BlueStacksHelper) INFO: BridgeApi inited: -1
2026-06-24 18:01:19.793 16008:00000001 (BlueStacksHelper) INFO: Sending POST to https://cloud.bluestacks.com//api/scheduledping
2026-06-24 18:01:19.824 16008:00000001 (BlueStacksHelper) INFO: Getting machine id from backup: a6bc9017-dd5b-43cf-bcdc-d541f72b6736, IsNewMachineIdCreated value: 0
2026-06-24 18:01:19.824 16008:00000001 (BlueStacksHelper) WARNING: Failed to set registry value at Software\BlueStacksInstaller for MachineID:a6bc9017-dd5b-43cf-bcdc-d541f72b6736
2026-06-24 18:01:19.827 16008:00000001 (BlueStacksHelper) WARNING: Failed to set registry value at Software\BlueStacksInstaller for VersionMachineId_5.22.210.1033:24cbd240-e7c4-4bcd-9067-dfcbd774de34
2026-06-24 18:01:20.991 16008:00000001 (BlueStacksHelper) INFO: Cloud response: {"success":false}
2026-06-24 18:01:21.112 16008:00000001 (BlueStacksHelper) WARNING: Not a valid/false cloud response, exiting
2026-06-24 18:01:21.112 16008:00000001 (BlueStacksHelper) INFO: Exiting
2026-06-24 23:33:20.575 9928:00000001 (BlueStacksHelper) INFO: IsAdministrator: False
2026-06-24 23:33:20.615+0530 9928  5124  BRIDGE Helper_bridge I: bridgeApiInitEx:#################### In bridgeApiInit Helper ###############
2026-06-24 23:33:20.615+0530 9928  5124  BRIDGE Helper_bridge I: Loading configuration ...
2026-06-24 23:33:20.617+0530 9928  5124  CONF   Helper_bridge E: open failed for D:\BlueStacks_nxt\bluestacks.conf
2026-06-24 23:33:20.617+0530 9928  5124  BRIDGE Helper_bridge E: Error in confLibInit init
2026-06-24 23:33:20.616 9928:00000001 (BlueStacksHelper) INFO: BridgeApi inited: -1
2026-06-24 23:33:20.695 9928:00000001 (BlueStacksHelper) INFO: Sending POST to https://cloud.bluestacks.com//api/scheduledping
2026-06-24 23:33:20.706 9928:00000001 (BlueStacksHelper) INFO: Getting machine id from backup: a6bc9017-dd5b-43cf-bcdc-d541f72b6736, IsNewMachineIdCreated value: 0
2026-06-24 23:33:20.706 9928:00000001 (BlueStacksHelper) WARNING: Failed to set registry value at Software\BlueStacksInstaller for MachineID:a6bc9017-dd5b-43cf-bcdc-d541f72b6736
2026-06-24 23:33:20.708 9928:00000001 (BlueStacksHelper) WARNING: Failed to set registry value at Software\BlueStacksInstaller for VersionMachineId_5.22.210.1033:24cbd240-e7c4-4bcd-9067-dfcbd774de34
2026-06-24 23:33:21.935 9928:00000001 (BlueStacksHelper) INFO: Cloud response: {"success":false}
2026-06-24 23:33:22.025 9928:00000001 (BlueStacksHelper) WARNING: Not a valid/false cloud response, exiting
2026-06-24 23:33:22.025 9928:00000001 (BlueStacksHelper) INFO: Exiting
2026-06-25 09:30:26.019 3248:00000001 (BlueStacksHelper) INFO: IsAdministrator: False
2026-06-25 09:30:26.231+0530 3248  12336 BRIDGE Helper_bridge I: bridgeApiInitEx:#################### In bridgeApiInit Helper ###############
2026-06-25 09:30:26.232+0530 3248  12336 BRIDGE Helper_bridge I: Loading configuration ...
2026-06-25 09:30:26.236+0530 3248  12336 CONF   Helper_bridge E: open failed for D:\BlueStacks_nxt\bluestacks.conf
2026-06-25 09:30:26.236+0530 3248  12336 BRIDGE Helper_bridge E: Error in confLibInit init
2026-06-25 09:30:26.234 3248:00000001 (BlueStacksHelper) INFO: BridgeApi inited: -1
2026-06-25 09:30:26.813 3248:00000001 (BlueStacksHelper) INFO: Sending POST to https://cloud.bluestacks.com//api/scheduledping
2026-06-25 09:30:26.885 3248:00000001 (BlueStacksHelper) INFO: Getting machine id from backup: a6bc9017-dd5b-43cf-bcdc-d541f72b6736, IsNewMachineIdCreated value: 0
2026-06-25 09:30:26.885 3248:00000001 (BlueStacksHelper) WARNING: Failed to set registry value at Software\BlueStacksInstaller for MachineID:a6bc9017-dd5b-43cf-bcdc-d541f72b6736
2026-06-25 09:30:26.885 3248:00000001 (BlueStacksHelper) WARNING: Failed to set registry value at Software\BlueStacksInstaller for VersionMachineId_5.22.210.1033:24cbd240-e7c4-4bcd-9067-dfcbd774de34
2026-06-25 09:30:45.539 3248:00000001 (BlueStacksHelper) INFO: Cloud response: {"success":false}
2026-06-25 09:30:45.724 3248:00000001 (BlueStacksHelper) WARNING: Not a valid/false cloud response, exiting
2026-06-25 09:30:45.724 3248:00000001 (BlueStacksHelper) INFO: Exiting
2026-06-25 13:17:07.621 12088:00000001 (BlueStacksHelper) INFO: IsAdministrator: False
2026-06-25 13:17:07.704+0530 12088 12624 BRIDGE Helper_bridge I: bridgeApiInitEx:#################### In bridgeApiInit Helper ###############
2026-06-25 13:17:07.704+0530 12088 12624 BRIDGE Helper_bridge I: Loading configuration ...
2026-06-25 13:17:07.706+0530 12088 12624 CONF   Helper_bridge E: open failed for D:\BlueStacks_nxt\bluestacks.conf
2026-06-25 13:17:07.706+0530 12088 12624 BRIDGE Helper_bridge E: Error in confLibInit init
2026-06-25 13:17:07.700 12088:00000001 (BlueStacksHelper) INFO: BridgeApi inited: -1
2026-06-25 13:17:07.780 12088:00000001 (BlueStacksHelper) INFO: Sending POST to https://cloud.bluestacks.com//api/scheduledping
2026-06-25 13:17:07.795 12088:00000001 (BlueStacksHelper) INFO: Getting machine id from backup: a6bc9017-dd5b-43cf-bcdc-d541f72b6736, IsNewMachineIdCreated value: 0
2026-06-25 13:17:07.795 12088:00000001 (BlueStacksHelper) WARNING: Failed to set registry value at Software\BlueStacksInstaller for MachineID:a6bc9017-dd5b-43cf-bcdc-d541f72b6736
2026-06-25 13:17:07.795 12088:00000001 (BlueStacksHelper) WARNING: Failed to set registry value at Software\BlueStacksInstaller for VersionMachineId_5.22.210.1033:24cbd240-e7c4-4bcd-9067-dfcbd774de34
2026-06-25 13:17:08.979 12088:00000001 (BlueStacksHelper) INFO: Cloud response: {"success":false}
2026-06-25 13:17:09.044 12088:00000001 (BlueStacksHelper) WARNING: Not a valid/false cloud response, exiting
2026-06-25 13:17:09.046 12088:00000001 (BlueStacksHelper) INFO: Exiting
2026-06-25 22:49:54.859 14380:00000001 (BlueStacksHelper) INFO: IsAdministrator: False
2026-06-25 22:49:54.918+0530 14380 14372 BRIDGE Helper_bridge I: bridgeApiInitEx:#################### In bridgeApiInit Helper ###############
2026-06-25 22:49:54.918+0530 14380 14372 BRIDGE Helper_bridge I: Loading configuration ...
2026-06-25 22:49:54.920+0530 14380 14372 CONF   Helper_bridge E: open failed for D:\BlueStacks_nxt\bluestacks.conf
2026-06-25 22:49:54.920+0530 14380 14372 BRIDGE Helper_bridge E: Error in confLibInit init
2026-06-25 22:49:54.911 14380:00000001 (BlueStacksHelper) INFO: BridgeApi inited: -1
2026-06-25 22:49:55.105 14380:00000001 (BlueStacksHelper) INFO: Sending POST to https://cloud.bluestacks.com//api/scheduledping
2026-06-25 22:49:55.133 14380:00000001 (BlueStacksHelper) INFO: Getting machine id from backup: a6bc9017-dd5b-43cf-bcdc-d541f72b6736, IsNewMachineIdCreated value: 0
2026-06-25 22:49:55.133 14380:00000001 (BlueStacksHelper) WARNING: Failed to set registry value at Software\BlueStacksInstaller for MachineID:a6bc9017-dd5b-43cf-bcdc-d541f72b6736
2026-06-25 22:49:55.133 14380:00000001 (BlueStacksHelper) WARNING: Failed to set registry value at Software\BlueStacksInstaller for VersionMachineId_5.22.210.1033:24cbd240-e7c4-4bcd-9067-dfcbd774de34
2026-06-25 22:49:57.194 14380:00000001 (BlueStacksHelper) INFO: Cloud response: {"success":false}
2026-06-25 22:49:57.305 14380:00000001 (BlueStacksHelper) WARNING: Not a valid/false cloud response, exiting
2026-06-25 22:49:57.305 14380:00000001 (BlueStacksHelper) INFO: Exiting
